"Start of log file."
"C:/Users/glenn/Dropbox/UNITYP~1/BADFUR~3/Assets/Art/CHARAC~1/Squirrel/Squirrel.max"
"Starting max loading and fbx conversion"
window = undefined
"Settings units"
"Before fbx export"
"After fbx export"
"Finished max loading and fbx conversion"
"C:/Users/glenn/Dropbox/UNITYP~1/BADFUR~3/Assets/Art/CHARAC~1/Squirrel/Squirrel.max"
"Starting max loading and fbx conversion"
window = undefined
"Settings units"
"Before fbx export"
"After fbx export"
"Finished max loading and fbx conversion"
"C:/Users/glenn/Dropbox/UNITYP~1/BADFUR~3/Assets/Art/CHARAC~1/Squirrel/Squirrel.max"
"Starting max loading and fbx conversion"
window = undefined
"Settings units"
"Before fbx export"
"After fbx export"
"Finished max loading and fbx conversion"
"C:/Users/glenn/Dropbox/UNITYP~1/BADFUR~3/Assets/Art/CHARAC~1/Tedi/Tedi.max"
"Starting max loading and fbx conversion"
window = undefined
"Settings units"
"Before fbx export"
"After fbx export"
"Finished max loading and fbx conversion"
"C:/Users/glenn/Dropbox/UNITYP~1/BADFUR~3/Assets/Art/CHARAC~1/CHARAC~1/CHARAC~1.MAX"
"Starting max loading and fbx conversion"
window = undefined
"Settings units"
"Before fbx export"
"After fbx export"
"Finished max loading and fbx conversion"
"C:/Users/glenn/Dropbox/UNITYP~1/BADFUR~3/Assets/Art/CHARAC~1/CHARAC~1/CHE374~1.MAX"
"Starting max loading and fbx conversion"
window = undefined
"Settings units"
"Before fbx export"
"After fbx export"
"Finished max loading and fbx conversion"
"C:/Users/glenn/Dropbox/UNITYP~1/BADFUR~3/Assets/Art/CHARAC~1/CHARAC~1/CHARAC~2.MAX"
"Starting max loading and fbx conversion"
window = undefined
"Settings units"
"Before fbx export"
"After fbx export"
"Finished max loading and fbx conversion"
"C:/Users/glenn/Dropbox/UNITYP~1/BADFUR~3/Assets/Art/CHARAC~1/CHARAC~1/CHE9EB~1.MAX"
"Starting max loading and fbx conversion"
window = undefined
"Settings units"
"Before fbx export"
"After fbx export"
"Finished max loading and fbx conversion"
"C:/Users/glenn/Dropbox/UNITYP~1/BADFUR~3/Assets/Art/CHARAC~1/CHARAC~1/CH8044~1.MAX"
"Starting max loading and fbx conversion"
window = undefined
"Settings units"
"Before fbx export"
"After fbx export"
"Finished max loading and fbx conversion"
"C:/Users/glenn/Dropbox/UNITYP~1/BADFUR~3/Assets/Art/CHARAC~1/CHARAC~1/CH068A~1.MAX"
"Starting max loading and fbx conversion"
window = undefined
"Settings units"
"Before fbx export"
"After fbx export"
"Finished max loading and fbx conversion"
"C:/Users/glenn/Dropbox/UNITYP~1/BADFUR~3/Assets/Art/CHARAC~1/CHARAC~1/CHARAC~4.MAX"
"Starting max loading and fbx conversion"
window = undefined
"Settings units"
"Before fbx export"
"After fbx export"
"Finished max loading and fbx conversion"
"C:/Users/glenn/Dropbox/UNITYP~1/BADFUR~3/Assets/Art/CHARAC~1/CHARAC~1/CHARAC~3.MAX"
"Starting max loading and fbx conversion"
window = undefined
"Settings units"
"Before fbx export"
"After fbx export"
"Finished max loading and fbx conversion"
"C:/Users/glenn/Dropbox/UNITYP~1/BADFUR~3/Assets/Art/CHARAC~1/CHARAC~1/CH730A~1.MAX"
"Starting max loading and fbx conversion"
window = undefined
"Settings units"
"Before fbx export"
"After fbx export"
"Finished max loading and fbx conversion"
"C:/Users/glenn/Dropbox/UNITYP~1/BADFUR~3/Assets/Art/CHARAC~1/CHARAC~1/CH2010~1.MAX"
"Starting max loading and fbx conversion"
window = undefined
"Settings units"
"Before fbx export"
"After fbx export"
"Finished max loading and fbx conversion"
"C:/Users/glenn/Dropbox/UNITYP~1/BADFUR~3/Assets/Art/CHARAC~1/CHARAC~1/Backup/CHARAC~3.MAX"
"Starting max loading and fbx conversion"
window = undefined
"Settings units"
"Before fbx export"
"After fbx export"
"Finished max loading and fbx conversion"
"C:/Users/glenn/Dropbox/UNITYP~1/BADFUR~3/Assets/Art/CHARAC~1/CHARAC~1/Backup/CHARAC~1.MAX"
"Starting max loading and fbx conversion"
window = undefined
"Settings units"
"Before fbx export"
"After fbx export"
"Finished max loading and fbx conversion"
"C:/Users/glenn/Dropbox/UNITYP~1/BADFUR~3/Assets/Art/CHARAC~1/CHARAC~1/CH5219~1.MAX"
"Starting max loading and fbx conversion"
window = undefined
"Settings units"
"Before fbx export"
"After fbx export"
"Finished max loading and fbx conversion"
"C:/Users/glenn/Dropbox/UNITYP~1/BADFUR~3/Assets/Art/CHARAC~1/CHARAC~1/CH3898~1.MAX"
"Starting max loading and fbx conversion"
window = undefined
"Settings units"
"Before fbx export"
"After fbx export"
"Finished max loading and fbx conversion"
"C:/Users/glenn/Dropbox/UNITYP~1/BADFUR~3/Assets/Art/CHARAC~1/CHARAC~1/Backup/CHARAC~2.MAX"
"Starting max loading and fbx conversion"
window = undefined
"Settings units"
"Before fbx export"
"After fbx export"
"Finished max loading and fbx conversion"
"C:/Users/glenn/Dropbox/UNITYP~1/BADFUR~3/Assets/Art/CHARAC~1/Squirrel/Squirrel.max"
"Starting max loading and fbx conversion"
window = undefined
"Settings units"
"Before fbx export"
"After fbx export"
"Finished max loading and fbx conversion"
"C:/Users/glenn/Dropbox/UNITYP~1/BADFUR~3/Assets/Art/CHARAC~1/Squirrel/Squirrel.max"
"Starting max loading and fbx conversion"
window = undefined
"Settings units"
"Before fbx export"
"After fbx export"
"Finished max loading and fbx conversion"
